        -:    0:Source:example_project/main.c
        -:    1:/*
        -:    2: * main.c — Example application demonstrating MC/DC coverage levels.
        -:    3: */
        -:    4:
        -:    5:#include <stdint.h>
        -:    6:#include "test.h"
        -:    7:
        -:    8:#include "gcov_rt.h"
        -:    9:#include "gcov_transport.h"
        -:   10:
        -:   11:#define RCC_CFGR     (*(volatile uint32_t*)0x40021004)
        -:   12:#define RCC_APB2ENR  (*(volatile uint32_t*)0x40021018)
        -:   13:#define GPIOC_CRH    (*(volatile uint32_t*)0x40011004)
        -:   14:#define GPIOC_BSRR   (*(volatile uint32_t*)0x40011010)
        -:   15:#define GPIOA_CRH    (*(volatile uint32_t*)0x40010804)
        -:   16:#define USART1_SR    (*(volatile uint32_t*)0x40013800)
        -:   17:#define USART1_DR    (*(volatile uint32_t*)0x40013804)
        -:   18:#define USART1_BRR   (*(volatile uint32_t*)0x40013808)
        -:   19:#define USART1_CR1   (*(volatile uint32_t*)0x4001380C)
        -:   20:#define SYSTICK_CTRL (*(volatile uint32_t*)0xE000E010)
        -:   21:#define SYSTICK_LOAD (*(volatile uint32_t*)0xE000E014)
        -:   22:#define SYSTICK_VAL  (*(volatile uint32_t*)0xE000E018)
        -:   23:
        -:   24:/**
        -:   25: * @brief Transmit one character via USART1 (gcov transport: uart_putc).
        -:   26: */
function uart_putc called 607 returned 100% blocks executed 100%
      607:   27:void uart_putc(char c) {
    47516:   28:    while (!(USART1_SR & (1 << 7)));
branch  0 taken 46909
branch  1 taken 607 (fallthrough)
condition outcomes covered 2/2
      607:   29:    USART1_DR = (uint32_t)c;
      607:   30:}
        -:   31:
        -:   32:/**
        -:   33: * @brief Transmit a null-terminated string via USART1 (gcov transport: uart_print).
        -:   34: */
function uart_print called 4 returned 100% blocks executed 100%
        4:   35:void uart_print(const char *s) {
       71:   36:    while (*s) uart_putc(*s++);
call    0 returned 67
branch  1 taken 67
branch  2 taken 4 (fallthrough)
condition outcomes covered 2/2
        4:   37:}
        -:   38:
function uart_init called 1 returned 100% blocks executed 100%
        1:   39:static void uart_init(void) {
        1:   40:    RCC_APB2ENR |= (1 << 2) | (1 << 14);
        1:   41:    GPIOA_CRH   &= ~(0xF << 4);
        1:   42:    GPIOA_CRH   |=  (0xB << 4);          
        1:   43:    USART1_BRR   = 0x341;                
        1:   44:    USART1_CR1   = (1<<3)|(1<<13);
        1:   45:}
        -:   46:
function systick_init called 1 returned 100% blocks executed 100%
        1:   47:static void systick_init(void) {
        1:   48:    SYSTICK_LOAD = 7999;
        1:   49:    SYSTICK_VAL  = 0;
        1:   50:    SYSTICK_CTRL = 0x5;
        1:   51:}
        -:   52:
function delay_ms called 0 returned 0% blocks executed 0%
    #####:   53:void delay_ms(uint32_t ms) {
    #####:   54:    for (uint32_t i = 0; i < ms; i++) {
branch  0 never executed
branch  1 never executed (fallthrough)
condition outcomes covered 0/2
condition  0 not covered (true false)
    #####:   55:        SYSTICK_VAL = 0;
    #####:   56:        while (!(SYSTICK_CTRL & (1 << 16)));
branch  0 never executed
branch  1 never executed (fallthrough)
condition outcomes covered 0/2
condition  0 not covered (true false)
        -:   57:    }
    #####:   58:}
        -:   59:
function low_mcdc called 2 returned 100% blocks executed 100%
        2:   60:int low_mcdc(int a, int b, int c)
        -:   61:{
        2:   62:    if ((a > 0) && (b > 0) && (c > 0))
branch  0 taken 1 (fallthrough)
branch  1 taken 1
branch  2 taken 1 (fallthrough)
branch  3 taken 0
branch  4 taken 1 (fallthrough)
branch  5 taken 0
condition outcomes covered 4/6
condition  1 not covered (false)
condition  2 not covered (false)
        -:   63:    {
        1:   64:        return 1;
        -:   65:    }
        1:   66:    return 0;
        -:   67:}
        -:   68:
function medium_mcdc called 3 returned 100% blocks executed 100%
        3:   69:int medium_mcdc(int a, int b, int c)
        -:   70:{
        3:   71:    if ((a > 0) && (b > 0) && (c > 0))
branch  0 taken 2 (fallthrough)
branch  1 taken 1
branch  2 taken 1 (fallthrough)
branch  3 taken 1
branch  4 taken 1 (fallthrough)
branch  5 taken 0
condition outcomes covered 5/6
condition  2 not covered (false)
        -:   72:    {
        1:   73:        return 1;
        -:   74:    }
        2:   75:    return 0;
        -:   76:}
        -:   77:
function main called 1 returned 0% blocks executed 87%
        1:   78:int main(void) {
        1:   79:    RCC_CFGR    &= ~(0x3);
        1:   80:    RCC_APB2ENR |=  (1 << 4);              
        1:   81:    GPIOC_CRH   &= ~(0xF << 20);
        1:   82:    GPIOC_CRH   |=  (0x2 << 20);           
        -:   83:
        1:   84:    uart_init();
call    0 returned 1
        1:   85:    systick_init();
call    0 returned 1
        -:   86:
        1:   87:    low_mcdc(1,1,1);
call    0 returned 1
        1:   88:    low_mcdc(0,1,1);
call    0 returned 1
        -:   89:
        1:   90:    medium_mcdc(1,1,1);
call    0 returned 1
        1:   91:    medium_mcdc(0,1,1);
call    0 returned 1
        1:   92:    medium_mcdc(1,0,1);
call    0 returned 1
        -:   93:
        1:   94:    full_mcdc(1,1,1);
call    0 returned 1
        1:   95:    full_mcdc(0,1,1);
call    0 returned 1
        1:   96:    full_mcdc(1,0,1);
call    0 returned 1
        1:   97:    full_mcdc(1,1,0);
call    0 returned 1
        -:   98:
        1:   99:    dump_gcov_info();
call    0 returned 0
        -:  100:
        -:  101:    while (1) {
    #####:  102:        GPIOC_BSRR = (1 << 29);
    #####:  103:        delay_ms(500);
call    0 never executed
    #####:  104:        GPIOC_BSRR = (1 << 13);
    #####:  105:        delay_ms(500);
call    0 never executed
        -:  106:    }
        -:  107:}
